<?xml version="1.0" encoding="UTF-8"?>
<!-- Generated by org.testng.reporters.JUnitXMLReporter -->
<testsuite hostname="DESKTOP-F4KJESH" ignored="0" name="Samsung Galaxy S21" tests="3" failures="1" timestamp="2022-01-26T03:14:09 IST" time="62.12" errors="0">
  <testcase name="feature" time="3.151" classname="com.browserstack.examples.tests.RunAppiumCucumberTests"/>
  <testcase name="feature" time="3.495" classname="com.browserstack.examples.tests.RunAppiumCucumberTests">
    <failure type="java.lang.AssertionError" message="expected [This is not a BrowserStack Echo] but found [This is BrowserStack Echo]">
      <![CDATA[java.lang.AssertionError: expected [This is not a BrowserStack Echo] but found [This is BrowserStack Echo]
at com.browserstack.examples.stepdefs.EchoPageSteps.echoShouldSucceed(EchoPageSteps.java:28)
at âœ½.it should pass and show message as "This is not a BrowserStack Echo"(classpath:features/echoFail.feature:9)
... Removed 6 stack frames]]>
    </failure>
  </testcase> <!-- feature -->
  <testcase name="feature" time="3.865" classname="com.browserstack.examples.tests.RunAppiumCucumberTests"/>
</testsuite> <!-- Samsung Galaxy S21 -->
