<?xml version="1.0" encoding="UTF-8"?>
<!-- Generated by org.testng.reporters.JUnitXMLReporter -->
<testsuite hostname="DESKTOP-F4KJESH" ignored="0" name="Cucumber Tests" tests="3" failures="1" timestamp="2022-01-26T02:29:20 IST" time="30.17" errors="0">
  <testcase name="feature" time="3.82" classname="com.browserstack.examples.tests.RunAppiumCucumberTests"/>
  <testcase name="feature" time="3.661" classname="com.browserstack.examples.tests.RunAppiumCucumberTests">
    <failure type="java.lang.AssertionError" message="expected [This is not a BrowserStack Echo] but found [This is BrowserStack Echo]">
      <![CDATA[java.lang.AssertionError: expected [This is not a BrowserStack Echo] but found [This is BrowserStack Echo]
at com.browserstack.examples.stepdefs.EchoPageSteps.echoShouldSucceed(EchoPageSteps.java:28)
at âœ½.it should pass and show message as "This is not a BrowserStack Echo"(classpath:features/echoFail.feature:9)
... Removed 6 stack frames]]>
    </failure>
  </testcase> <!-- feature -->
  <testcase name="feature" time="3.061" classname="com.browserstack.examples.tests.RunAppiumCucumberTests"/>
</testsuite> <!-- Cucumber Tests -->
