<?xml version="1.0" encoding="UTF-8"?>
<!-- Generated by org.testng.reporters.JUnitXMLReporter -->
<testsuite hostname="DESKTOP-F4KJESH" ignored="0" name="Cucumber Tests Android" tests="3" failures="1" timestamp="2022-01-26T02:32:55 IST" time="26.081" errors="0">
  <testcase name="@BeforeMethod setUp" time="0.01" classname="com.browserstack.examples.pages.TestBase">
    <failure type="java.lang.IndexOutOfBoundsException" message="Index: 1, Size: 1">
      <![CDATA[java.lang.IndexOutOfBoundsException: Index: 1, Size: 1
at java.util.ArrayList.rangeCheck(Unknown Source)
at java.util.ArrayList.get(Unknown Source)
at com.browserstack.examples.pages.TestBase.setUp(TestBase.java:62)
at java.util.concurrent.FutureTask.run(Unknown Source)
at java.util.concurrent.Executors$RunnableAdapter.call(Unknown Source)
at java.util.concurrent.FutureTask.run(Unknown Source)
at java.util.concurrent.ThreadPoolExecutor.runWorker(Unknown Source)
at java.util.concurrent.ThreadPoolExecutor$Worker.run(Unknown Source)
at java.lang.Thread.run(Unknown Source)
... Removed 13 stack frames]]>
    </failure>
  </testcase> <!-- @BeforeMethod setUp -->
  <testcase name="@BeforeMethod setUp" time="0.01" classname="com.browserstack.examples.pages.TestBase">
    <failure type="java.lang.IndexOutOfBoundsException" message="Index: 1, Size: 1">
      <![CDATA[java.lang.IndexOutOfBoundsException: Index: 1, Size: 1
at java.util.ArrayList.rangeCheck(Unknown Source)
at java.util.ArrayList.get(Unknown Source)
at com.browserstack.examples.pages.TestBase.setUp(TestBase.java:62)
at java.util.concurrent.FutureTask.run(Unknown Source)
at java.util.concurrent.Executors$RunnableAdapter.call(Unknown Source)
at java.util.concurrent.FutureTask.run(Unknown Source)
at java.util.concurrent.ThreadPoolExecutor.runWorker(Unknown Source)
at java.util.concurrent.ThreadPoolExecutor$Worker.run(Unknown Source)
at java.lang.Thread.run(Unknown Source)
... Removed 13 stack frames]]>
    </failure>
  </testcase> <!-- @BeforeMethod setUp -->
  <testcase name="@BeforeMethod setUp" time="0.01" classname="com.browserstack.examples.pages.TestBase">
    <failure type="java.lang.IndexOutOfBoundsException" message="Index: 1, Size: 1">
      <![CDATA[java.lang.IndexOutOfBoundsException: Index: 1, Size: 1
at java.util.ArrayList.rangeCheck(Unknown Source)
at java.util.ArrayList.get(Unknown Source)
at com.browserstack.examples.pages.TestBase.setUp(TestBase.java:62)
at java.util.concurrent.FutureTask.run(Unknown Source)
at java.util.concurrent.Executors$RunnableAdapter.call(Unknown Source)
at java.util.concurrent.FutureTask.run(Unknown Source)
at java.util.concurrent.ThreadPoolExecutor.runWorker(Unknown Source)
at java.util.concurrent.ThreadPoolExecutor$Worker.run(Unknown Source)
at java.lang.Thread.run(Unknown Source)
... Removed 13 stack frames]]>
    </failure>
  </testcase> <!-- @BeforeMethod setUp -->
  <testcase name="@AfterMethod tearDown" time="-1.643144549567E9" classname="com.browserstack.examples.pages.TestBase">
    <skipped/>
  </testcase> <!-- @AfterMethod tearDown -->
  <testcase name="@AfterMethod tearDown" time="-1.643144549569E9" classname="com.browserstack.examples.pages.TestBase">
    <skipped/>
  </testcase> <!-- @AfterMethod tearDown -->
  <testcase name="@AfterMethod tearDown" time="-1.64314454957E9" classname="com.browserstack.examples.pages.TestBase">
    <skipped/>
  </testcase> <!-- @AfterMethod tearDown -->
  <testcase name="feature" time="3.629" classname="com.browserstack.examples.tests.RunAppiumCucumberTests"/>
  <testcase name="feature" time="3.831" classname="com.browserstack.examples.tests.RunAppiumCucumberTests"/>
  <testcase name="feature" time="3.624" classname="com.browserstack.examples.tests.RunAppiumCucumberTests">
    <failure type="java.lang.AssertionError" message="expected [This is not a BrowserStack Echo] but found [This is BrowserStack Echo]">
      <![CDATA[java.lang.AssertionError: expected [This is not a BrowserStack Echo] but found [This is BrowserStack Echo]
at com.browserstack.examples.stepdefs.EchoPageSteps.echoShouldSucceed(EchoPageSteps.java:28)
at âœ½.it should pass and show message as "This is not a BrowserStack Echo"(classpath:features/echoFail.feature:9)
... Removed 6 stack frames]]>
    </failure>
  </testcase> <!-- feature -->
</testsuite> <!-- Cucumber Tests Android -->
