<?xml version="1.0" encoding="UTF-8"?>
<!-- Generated by org.testng.reporters.JUnitReportReporter -->
<testsuite skipped="0" hostname="DESKTOP-F4KJESH" name="com.browserstack.examples.tests.RunAppiumCucumberTests" tests="6" failures="2" timestamp="2022-01-26T03:14:09 IST" time="145.305" errors="0">
  <testcase name="feature" time="17.288" classname="com.browserstack.examples.tests.RunAppiumCucumberTests"/>
  <system-out/>
  <testcase name="feature" time="31.361" classname="com.browserstack.examples.tests.RunAppiumCucumberTests">
    <failure type="java.lang.AssertionError" message="expected [This is not a BrowserStack Echo] but found [This is BrowserStack Echo]">
      <![CDATA[java.lang.AssertionError: expected [This is not a BrowserStack Echo] but found [This is BrowserStack Echo]
at org.testng.Assert.fail(Assert.java:99)
at org.testng.Assert.failNotEquals(Assert.java:1037)
at org.testng.Assert.assertEqualsImpl(Assert.java:140)
at org.testng.Assert.assertEquals(Assert.java:122)
at org.testng.Assert.assertEquals(Assert.java:629)
at org.testng.Assert.assertEquals(Assert.java:639)
at com.browserstack.examples.stepdefs.EchoPageSteps.echoShouldSucceed(EchoPageSteps.java:28)
at ✽.it should pass and show message as "This is not a BrowserStack Echo"(classpath:features/echoFail.feature:9)
]]>
    </failure>
  </testcase> <!-- feature -->
  <system-out/>
  <testcase name="feature" time="30.862" classname="com.browserstack.examples.tests.RunAppiumCucumberTests"/>
  <system-out/>
  <testcase name="feature" time="29.042" classname="com.browserstack.examples.tests.RunAppiumCucumberTests"/>
  <system-out/>
  <testcase name="feature" time="17.369" classname="com.browserstack.examples.tests.RunAppiumCucumberTests"/>
  <system-out/>
  <testcase name="feature" time="19.383" classname="com.browserstack.examples.tests.RunAppiumCucumberTests">
    <failure type="java.lang.AssertionError" message="expected [This is not a BrowserStack Echo] but found [This is BrowserStack Echo]">
      <![CDATA[java.lang.AssertionError: expected [This is not a BrowserStack Echo] but found [This is BrowserStack Echo]
at org.testng.Assert.fail(Assert.java:99)
at org.testng.Assert.failNotEquals(Assert.java:1037)
at org.testng.Assert.assertEqualsImpl(Assert.java:140)
at org.testng.Assert.assertEquals(Assert.java:122)
at org.testng.Assert.assertEquals(Assert.java:629)
at org.testng.Assert.assertEquals(Assert.java:639)
at com.browserstack.examples.stepdefs.EchoPageSteps.echoShouldSucceed(EchoPageSteps.java:28)
at ✽.it should pass and show message as "This is not a BrowserStack Echo"(classpath:features/echoFail.feature:9)
]]>
    </failure>
  </testcase> <!-- feature -->
  <system-out/>
</testsuite> <!-- com.browserstack.examples.tests.RunAppiumCucumberTests -->
